{"/home/igor/frontend-project-lvl2/src/index.js": {"path":"/home/igor/frontend-project-lvl2/src/index.js","statementMap":{"0":{"start":{"line":5,"column":24},"end":{"line":10,"column":1}},"1":{"start":{"line":6,"column":23},"end":{"line":6,"column":45}},"2":{"start":{"line":7,"column":15},"end":{"line":7,"column":44}},"3":{"start":{"line":8,"column":15},"end":{"line":8,"column":39}},"4":{"start":{"line":9,"column":2},"end":{"line":9,"column":14}},"5":{"start":{"line":12,"column":16},"end":{"line":38,"column":1}},"6":{"start":{"line":13,"column":2},"end":{"line":15,"column":3}},"7":{"start":{"line":14,"column":4},"end":{"line":14,"column":47}},"8":{"start":{"line":16,"column":18},"end":{"line":16,"column":44}},"9":{"start":{"line":17,"column":18},"end":{"line":17,"column":44}},"10":{"start":{"line":18,"column":15},"end":{"line":18,"column":66}},"11":{"start":{"line":19,"column":17},"end":{"line":19,"column":19}},"12":{"start":{"line":20,"column":2},"end":{"line":36,"column":5}},"13":{"start":{"line":21,"column":19},"end":{"line":21,"column":31}},"14":{"start":{"line":22,"column":19},"end":{"line":22,"column":31}},"15":{"start":{"line":23,"column":4},"end":{"line":34,"column":5}},"16":{"start":{"line":24,"column":6},"end":{"line":29,"column":7}},"17":{"start":{"line":25,"column":8},"end":{"line":25,"column":44}},"18":{"start":{"line":27,"column":8},"end":{"line":27,"column":44}},"19":{"start":{"line":28,"column":8},"end":{"line":28,"column":44}},"20":{"start":{"line":30,"column":11},"end":{"line":34,"column":5}},"21":{"start":{"line":31,"column":6},"end":{"line":31,"column":42}},"22":{"start":{"line":32,"column":11},"end":{"line":34,"column":5}},"23":{"start":{"line":33,"column":6},"end":{"line":33,"column":42}},"24":{"start":{"line":35,"column":4},"end":{"line":35,"column":18}},"25":{"start":{"line":37,"column":2},"end":{"line":37,"column":38}}},"fnMap":{"0":{"name":"(anonymous_0)","decl":{"start":{"line":5,"column":24},"end":{"line":5,"column":25}},"loc":{"start":{"line":5,"column":38},"end":{"line":10,"column":1}},"line":5},"1":{"name":"(anonymous_1)","decl":{"start":{"line":12,"column":16},"end":{"line":12,"column":17}},"loc":{"start":{"line":12,"column":42},"end":{"line":38,"column":1}},"line":12},"2":{"name":"(anonymous_2)","decl":{"start":{"line":20,"column":11},"end":{"line":20,"column":12}},"loc":{"start":{"line":20,"column":20},"end":{"line":36,"column":3}},"line":20}},"branchMap":{"0":{"loc":{"start":{"line":13,"column":2},"end":{"line":15,"column":3}},"type":"if","locations":[{"start":{"line":13,"column":2},"end":{"line":15,"column":3}},{"start":{},"end":{}}],"line":13},"1":{"loc":{"start":{"line":13,"column":8},"end":{"line":13,"column":60}},"type":"binary-expr","locations":[{"start":{"line":13,"column":8},"end":{"line":13,"column":32}},{"start":{"line":13,"column":36},"end":{"line":13,"column":60}}],"line":13},"2":{"loc":{"start":{"line":23,"column":4},"end":{"line":34,"column":5}},"type":"if","locations":[{"start":{"line":23,"column":4},"end":{"line":34,"column":5}},{"start":{"line":30,"column":11},"end":{"line":34,"column":5}}],"line":23},"3":{"loc":{"start":{"line":23,"column":8},"end":{"line":23,"column":50}},"type":"binary-expr","locations":[{"start":{"line":23,"column":8},"end":{"line":23,"column":27}},{"start":{"line":23,"column":31},"end":{"line":23,"column":50}}],"line":23},"4":{"loc":{"start":{"line":24,"column":6},"end":{"line":29,"column":7}},"type":"if","locations":[{"start":{"line":24,"column":6},"end":{"line":29,"column":7}},{"start":{"line":26,"column":13},"end":{"line":29,"column":7}}],"line":24},"5":{"loc":{"start":{"line":30,"column":11},"end":{"line":34,"column":5}},"type":"if","locations":[{"start":{"line":30,"column":11},"end":{"line":34,"column":5}},{"start":{"line":32,"column":11},"end":{"line":34,"column":5}}],"line":30},"6":{"loc":{"start":{"line":30,"column":15},"end":{"line":30,"column":58}},"type":"binary-expr","locations":[{"start":{"line":30,"column":15},"end":{"line":30,"column":34}},{"start":{"line":30,"column":38},"end":{"line":30,"column":58}}],"line":30},"7":{"loc":{"start":{"line":32,"column":11},"end":{"line":34,"column":5}},"type":"if","locations":[{"start":{"line":32,"column":11},"end":{"line":34,"column":5}},{"start":{},"end":{}}],"line":32},"8":{"loc":{"start":{"line":32,"column":15},"end":{"line":32,"column":58}},"type":"binary-expr","locations":[{"start":{"line":32,"column":15},"end":{"line":32,"column":35}},{"start":{"line":32,"column":39},"end":{"line":32,"column":58}}],"line":32}},"s":{"0":1,"1":2,"2":2,"3":2,"4":2,"5":1,"6":1,"7":0,"8":1,"9":1,"10":1,"11":1,"12":1,"13":5,"14":5,"15":5,"16":2,"17":1,"18":1,"19":1,"20":3,"21":2,"22":1,"23":1,"24":5,"25":1},"f":{"0":2,"1":1,"2":5},"b":{"0":[0,1],"1":[1,1],"2":[2,3],"3":[5,4],"4":[1,1],"5":[2,1],"6":[3,2],"7":[1,0],"8":[1,1]},"_coverageSchema":"1a1c01bbd47fc00a2c39e90264f33305004495a9","hash":"3b0fbb10cd5755db546092a099b77bce7836c271"}
}
