TN:
SF:src/index.js
FN:5,(anonymous_0)
FN:12,(anonymous_1)
FN:20,(anonymous_2)
FNF:3
FNH:3
FNDA:2,(anonymous_0)
FNDA:1,(anonymous_1)
FNDA:5,(anonymous_2)
DA:5,1
DA:6,2
DA:7,2
DA:8,2
DA:9,2
DA:12,1
DA:13,1
DA:14,0
DA:16,1
DA:17,1
DA:18,1
DA:19,1
DA:20,1
DA:21,5
DA:22,5
DA:23,5
DA:24,2
DA:25,1
DA:27,1
DA:28,1
DA:30,3
DA:31,2
DA:32,1
DA:33,1
DA:35,5
DA:37,1
LF:26
LH:25
BRDA:13,0,0,0
BRDA:13,0,1,1
BRDA:13,1,0,1
BRDA:13,1,1,1
BRDA:23,2,0,2
BRDA:23,2,1,3
BRDA:23,3,0,5
BRDA:23,3,1,4
BRDA:24,4,0,1
BRDA:24,4,1,1
BRDA:30,5,0,2
BRDA:30,5,1,1
BRDA:30,6,0,3
BRDA:30,6,1,2
BRDA:32,7,0,1
BRDA:32,7,1,0
BRDA:32,8,0,1
BRDA:32,8,1,1
BRF:18
BRH:16
end_of_record
